#! /c/Source/iverilog-install/bin/vvp
:ivl_version "12.0 (devel)" "(s20150603-1110-g18392a46)";
:ivl_delay_selection "TYPICAL";
:vpi_time_precision + 0;
:vpi_module "C:\iverilog\lib\ivl\system.vpi";
:vpi_module "C:\iverilog\lib\ivl\vhdl_sys.vpi";
:vpi_module "C:\iverilog\lib\ivl\vhdl_textio.vpi";
:vpi_module "C:\iverilog\lib\ivl\v2005_math.vpi";
:vpi_module "C:\iverilog\lib\ivl\va_math.vpi";
S_000001fdaa166e30 .scope module, "half_adder" "half_adder" 2 1;
 .timescale 0 0;
    .port_info 0 /INPUT 1 "a";
    .port_info 1 /INPUT 1 "b";
    .port_info 2 /OUTPUT 1 "carry";
    .port_info 3 /OUTPUT 1 "sum";
o000001fdaa166fd8 .functor BUFZ 1, C4<z>; HiZ drive
o000001fdaa167008 .functor BUFZ 1, C4<z>; HiZ drive
L_000001fdaa1167d0 .functor AND 1, o000001fdaa166fd8, o000001fdaa167008, C4<1>, C4<1>;
L_000001fdaa166120 .functor XOR 1, o000001fdaa166fd8, o000001fdaa167008, C4<0>, C4<0>;
v000001fdaa166080_0 .net "a", 0 0, o000001fdaa166fd8;  0 drivers
v000001fdaa116730_0 .net "b", 0 0, o000001fdaa167008;  0 drivers
v000001fdaa11d6a0_0 .net "carry", 0 0, L_000001fdaa1167d0;  1 drivers
v000001fdaa11d740_0 .net "sum", 0 0, L_000001fdaa166120;  1 drivers
# The file index is used to find the file name in the following table.
:file_names 3;
    "N/A";
    "<interactive>";
    "design.v";
